2026-01-21 14:07:52,503 - INFO - Connecting to 149.154.167.51:443/TcpFull...
2026-01-21 14:07:54,164 - INFO - Connection to 149.154.167.51:443/TcpFull complete!
2026-01-21 14:08:09,565 - INFO - Phone migrated to 4
2026-01-21 14:08:09,764 - INFO - Reconnecting to new data center 4
2026-01-21 14:08:09,977 - INFO - Disconnecting from 149.154.167.51:443/TcpFull...
2026-01-21 14:08:09,977 - INFO - Disconnection from 149.154.167.51:443/TcpFull complete!
2026-01-21 14:08:09,977 - INFO - Connecting to 149.154.167.92:443/TcpFull...
2026-01-21 14:08:11,814 - INFO - Connection to 149.154.167.92:443/TcpFull complete!
2026-01-21 14:08:30,963 - INFO - Starting scrape for @chemedtelegram
2026-01-21 14:08:30,966 - INFO - Starting scrape for @lobelia4cosmetics
2026-01-21 14:08:30,966 - INFO - Starting scrape for @tikvahpharma
2026-01-21 14:08:31,075 - ERROR - Error scraping @chemedtelegram: No user has "chemedtelegram" as username
2026-01-21 14:08:31,390 - INFO - Starting direct file download in chunks of 131072 at 0, stride 131072
2026-01-21 14:08:31,687 - INFO - Starting direct file download in chunks of 131072 at 0, stride 131072
2026-01-21 14:08:31,813 - INFO - Starting direct file download in chunks of 131072 at 0, stride 131072
2026-01-21 14:08:32,680 - INFO - Starting direct file download in chunks of 131072 at 0, stride 131072
2026-01-21 14:08:32,861 - INFO - Starting direct file download in chunks of 131072 at 0, stride 131072
2026-01-21 14:08:33,229 - INFO - Starting direct file download in chunks of 131072 at 0, stride 131072
2026-01-21 14:08:33,329 - INFO - Starting direct file download in chunks of 131072 at 0, stride 131072
2026-01-21 14:08:33,400 - INFO - Starting direct file download in chunks of 131072 at 0, stride 131072
2026-01-21 14:08:33,929 - INFO - Starting direct file download in chunks of 131072 at 0, stride 131072
2026-01-21 14:08:34,290 - INFO - Starting direct file download in chunks of 131072 at 0, stride 131072
2026-01-21 14:08:34,460 - INFO - Starting direct file download in chunks of 131072 at 0, stride 131072
2026-01-21 14:08:34,844 - INFO - Starting direct file download in chunks of 131072 at 0, stride 131072
2026-01-21 14:08:34,968 - INFO - Starting direct file download in chunks of 131072 at 0, stride 131072
2026-01-21 14:08:35,093 - INFO - Starting direct file download in chunks of 131072 at 0, stride 131072
2026-01-21 14:08:35,285 - INFO - Starting direct file download in chunks of 131072 at 0, stride 131072
2026-01-21 14:08:35,630 - INFO - Starting direct file download in chunks of 131072 at 0, stride 131072
2026-01-21 14:08:35,739 - INFO - Starting direct file download in chunks of 131072 at 0, stride 131072
2026-01-21 14:08:35,886 - INFO - Starting direct file download in chunks of 131072 at 0, stride 131072
2026-01-21 14:08:36,150 - INFO - Starting direct file download in chunks of 131072 at 0, stride 131072
2026-01-21 14:08:36,321 - INFO - Starting direct file download in chunks of 131072 at 0, stride 131072
2026-01-21 14:08:36,502 - INFO - Starting direct file download in chunks of 131072 at 0, stride 131072
2026-01-21 14:08:36,555 - INFO - Starting direct file download in chunks of 131072 at 0, stride 131072
2026-01-21 14:08:36,840 - INFO - Starting direct file download in chunks of 131072 at 0, stride 131072
2026-01-21 14:08:36,938 - INFO - Starting direct file download in chunks of 131072 at 0, stride 131072
2026-01-21 14:08:37,104 - INFO - Starting direct file download in chunks of 131072 at 0, stride 131072
2026-01-21 14:08:37,237 - INFO - Starting direct file download in chunks of 131072 at 0, stride 131072
2026-01-21 14:08:37,270 - INFO - Starting direct file download in chunks of 131072 at 0, stride 131072
2026-01-21 14:08:37,545 - INFO - Starting direct file download in chunks of 131072 at 0, stride 131072
2026-01-21 14:08:37,580 - INFO - Starting direct file download in chunks of 131072 at 0, stride 131072
2026-01-21 14:08:38,343 - INFO - Starting direct file download in chunks of 131072 at 0, stride 131072
2026-01-21 14:08:38,504 - INFO - Starting direct file download in chunks of 131072 at 0, stride 131072
2026-01-21 14:08:39,104 - INFO - Starting direct file download in chunks of 131072 at 0, stride 131072
2026-01-21 14:08:39,213 - INFO - Starting direct file download in chunks of 131072 at 0, stride 131072
2026-01-21 14:08:39,490 - INFO - Starting direct file download in chunks of 131072 at 0, stride 131072
2026-01-21 14:08:39,639 - INFO - Starting direct file download in chunks of 131072 at 0, stride 131072
2026-01-21 14:08:39,734 - INFO - Starting direct file download in chunks of 131072 at 0, stride 131072
2026-01-21 14:08:39,965 - INFO - Starting direct file download in chunks of 131072 at 0, stride 131072
2026-01-21 14:08:40,062 - INFO - Starting direct file download in chunks of 131072 at 0, stride 131072
2026-01-21 14:08:40,277 - INFO - Starting direct file download in chunks of 131072 at 0, stride 131072
2026-01-21 14:08:40,696 - INFO - Starting direct file download in chunks of 131072 at 0, stride 131072
2026-01-21 14:08:41,091 - INFO - Starting direct file download in chunks of 131072 at 0, stride 131072
2026-01-21 14:08:41,120 - INFO - Starting direct file download in chunks of 131072 at 0, stride 131072
2026-01-21 14:08:41,418 - INFO - Starting direct file download in chunks of 131072 at 0, stride 131072
2026-01-21 14:08:41,623 - INFO - Starting direct file download in chunks of 131072 at 0, stride 131072
2026-01-21 14:08:41,780 - INFO - Starting direct file download in chunks of 131072 at 0, stride 131072
2026-01-21 14:08:41,878 - INFO - Starting direct file download in chunks of 131072 at 0, stride 131072
2026-01-21 14:08:42,075 - INFO - Starting direct file download in chunks of 131072 at 0, stride 131072
2026-01-21 14:08:42,500 - INFO - Starting direct file download in chunks of 131072 at 0, stride 131072
2026-01-21 14:08:42,538 - INFO - Starting direct file download in chunks of 131072 at 0, stride 131072
2026-01-21 14:08:42,661 - INFO - Starting direct file download in chunks of 131072 at 0, stride 131072
2026-01-21 14:08:42,761 - INFO - Starting direct file download in chunks of 131072 at 0, stride 131072
2026-01-21 14:08:42,984 - INFO - Starting direct file download in chunks of 131072 at 0, stride 131072
2026-01-21 14:08:43,378 - INFO - Starting direct file download in chunks of 131072 at 0, stride 131072
2026-01-21 14:08:43,451 - INFO - Starting direct file download in chunks of 131072 at 0, stride 131072
2026-01-21 14:08:43,704 - INFO - Starting direct file download in chunks of 131072 at 0, stride 131072
2026-01-21 14:08:43,866 - INFO - Starting direct file download in chunks of 131072 at 0, stride 131072
2026-01-21 14:08:44,057 - INFO - Starting direct file download in chunks of 131072 at 0, stride 131072
2026-01-21 14:08:44,252 - INFO - Starting direct file download in chunks of 131072 at 0, stride 131072
2026-01-21 14:08:44,619 - INFO - Starting direct file download in chunks of 131072 at 0, stride 131072
2026-01-21 14:08:44,937 - INFO - Starting direct file download in chunks of 131072 at 0, stride 131072
2026-01-21 14:08:45,513 - INFO - Starting direct file download in chunks of 131072 at 0, stride 131072
2026-01-21 14:08:45,979 - INFO - Starting direct file download in chunks of 131072 at 0, stride 131072
2026-01-21 14:08:46,508 - INFO - Starting direct file download in chunks of 131072 at 0, stride 131072
2026-01-21 14:08:46,680 - INFO - Starting direct file download in chunks of 131072 at 0, stride 131072
2026-01-21 14:08:47,158 - INFO - Starting direct file download in chunks of 131072 at 0, stride 131072
2026-01-21 14:08:47,258 - INFO - Starting direct file download in chunks of 131072 at 0, stride 131072
2026-01-21 14:08:47,294 - INFO - Starting direct file download in chunks of 131072 at 0, stride 131072
2026-01-21 14:08:47,714 - INFO - Starting direct file download in chunks of 131072 at 0, stride 131072
2026-01-21 14:08:47,869 - INFO - Starting direct file download in chunks of 131072 at 0, stride 131072
2026-01-21 14:08:48,029 - INFO - Starting direct file download in chunks of 131072 at 0, stride 131072
2026-01-21 14:08:48,337 - INFO - Starting direct file download in chunks of 131072 at 0, stride 131072
2026-01-21 14:08:48,492 - INFO - Starting direct file download in chunks of 131072 at 0, stride 131072
2026-01-21 14:08:48,657 - INFO - Starting direct file download in chunks of 131072 at 0, stride 131072
2026-01-21 14:08:49,178 - INFO - Starting direct file download in chunks of 131072 at 0, stride 131072
2026-01-21 14:08:49,363 - INFO - Starting direct file download in chunks of 131072 at 0, stride 131072
2026-01-21 14:08:49,702 - INFO - Starting direct file download in chunks of 131072 at 0, stride 131072
2026-01-21 14:08:49,837 - INFO - Starting direct file download in chunks of 131072 at 0, stride 131072
2026-01-21 14:08:49,935 - INFO - Starting direct file download in chunks of 131072 at 0, stride 131072
2026-01-21 14:08:50,058 - INFO - Starting direct file download in chunks of 131072 at 0, stride 131072
2026-01-21 14:08:50,548 - INFO - Starting direct file download in chunks of 131072 at 0, stride 131072
2026-01-21 14:08:51,137 - INFO - Starting direct file download in chunks of 131072 at 0, stride 131072
2026-01-21 14:08:51,170 - INFO - Starting direct file download in chunks of 131072 at 0, stride 131072
2026-01-21 14:08:51,467 - INFO - Starting direct file download in chunks of 131072 at 0, stride 131072
2026-01-21 14:08:51,660 - INFO - Starting direct file download in chunks of 131072 at 0, stride 131072
2026-01-21 14:08:51,872 - INFO - Starting direct file download in chunks of 131072 at 0, stride 131072
2026-01-21 14:08:52,033 - INFO - Starting direct file download in chunks of 131072 at 0, stride 131072
2026-01-21 14:08:52,132 - INFO - Starting direct file download in chunks of 131072 at 0, stride 131072
2026-01-21 14:08:52,347 - INFO - Starting direct file download in chunks of 131072 at 0, stride 131072
2026-01-21 14:08:52,422 - INFO - Starting direct file download in chunks of 131072 at 0, stride 131072
2026-01-21 14:08:52,828 - INFO - Starting direct file download in chunks of 131072 at 0, stride 131072
2026-01-21 14:08:53,217 - INFO - Starting direct file download in chunks of 131072 at 0, stride 131072
2026-01-21 14:08:53,420 - INFO - Starting direct file download in chunks of 131072 at 0, stride 131072
2026-01-21 14:08:53,601 - INFO - Starting direct file download in chunks of 131072 at 0, stride 131072
2026-01-21 14:08:53,793 - INFO - Starting direct file download in chunks of 131072 at 0, stride 131072
2026-01-21 14:08:53,990 - INFO - Starting direct file download in chunks of 131072 at 0, stride 131072
2026-01-21 14:08:54,087 - INFO - Starting direct file download in chunks of 131072 at 0, stride 131072
2026-01-21 14:08:54,211 - INFO - Starting direct file download in chunks of 131072 at 0, stride 131072
2026-01-21 14:08:54,382 - INFO - Starting direct file download in chunks of 131072 at 0, stride 131072
2026-01-21 14:08:54,479 - INFO - Starting direct file download in chunks of 131072 at 0, stride 131072
2026-01-21 14:08:54,575 - INFO - Starting direct file download in chunks of 131072 at 0, stride 131072
2026-01-21 14:08:54,755 - INFO - Starting direct file download in chunks of 131072 at 0, stride 131072
2026-01-21 14:08:54,908 - INFO - Starting direct file download in chunks of 131072 at 0, stride 131072
2026-01-21 14:08:55,085 - INFO - Starting direct file download in chunks of 131072 at 0, stride 131072
2026-01-21 14:08:55,235 - INFO - Starting direct file download in chunks of 131072 at 0, stride 131072
2026-01-21 14:08:55,467 - INFO - Starting direct file download in chunks of 131072 at 0, stride 131072
2026-01-21 14:08:55,741 - INFO - Starting direct file download in chunks of 131072 at 0, stride 131072
2026-01-21 14:08:55,972 - INFO - Starting direct file download in chunks of 131072 at 0, stride 131072
2026-01-21 14:08:56,104 - INFO - Starting direct file download in chunks of 131072 at 0, stride 131072
2026-01-21 14:08:56,688 - INFO - Starting direct file download in chunks of 131072 at 0, stride 131072
2026-01-21 14:08:56,714 - INFO - Starting direct file download in chunks of 131072 at 0, stride 131072
2026-01-21 14:08:56,979 - INFO - Starting direct file download in chunks of 131072 at 0, stride 131072
2026-01-21 14:08:57,186 - INFO - Starting direct file download in chunks of 131072 at 0, stride 131072
2026-01-21 14:08:57,565 - INFO - Starting direct file download in chunks of 131072 at 0, stride 131072
2026-01-21 14:08:57,707 - INFO - Starting direct file download in chunks of 131072 at 0, stride 131072
2026-01-21 14:08:58,245 - INFO - Starting direct file download in chunks of 131072 at 0, stride 131072
2026-01-21 14:08:58,359 - INFO - Starting direct file download in chunks of 131072 at 0, stride 131072
2026-01-21 14:08:58,658 - INFO - Starting direct file download in chunks of 131072 at 0, stride 131072
2026-01-21 14:08:58,850 - INFO - Starting direct file download in chunks of 131072 at 0, stride 131072
2026-01-21 14:08:59,009 - INFO - Starting direct file download in chunks of 131072 at 0, stride 131072
2026-01-21 14:08:59,444 - INFO - Starting direct file download in chunks of 131072 at 0, stride 131072
2026-01-21 14:08:59,798 - INFO - Starting direct file download in chunks of 131072 at 0, stride 131072
2026-01-21 14:08:59,836 - INFO - Starting direct file download in chunks of 131072 at 0, stride 131072
2026-01-21 14:09:00,014 - INFO - Successfully saved 100 messages for @tikvahpharma
2026-01-21 14:09:00,387 - INFO - Starting direct file download in chunks of 131072 at 0, stride 131072
2026-01-21 14:09:01,048 - INFO - Starting direct file download in chunks of 131072 at 0, stride 131072
2026-01-21 14:09:01,818 - INFO - Starting direct file download in chunks of 131072 at 0, stride 131072
2026-01-21 14:09:02,629 - INFO - Starting direct file download in chunks of 131072 at 0, stride 131072
2026-01-21 14:09:03,339 - INFO - Starting direct file download in chunks of 131072 at 0, stride 131072
2026-01-21 14:09:04,069 - INFO - Starting direct file download in chunks of 131072 at 0, stride 131072
2026-01-21 14:09:04,623 - INFO - Starting direct file download in chunks of 131072 at 0, stride 131072
2026-01-21 14:09:04,986 - INFO - Starting direct file download in chunks of 131072 at 0, stride 131072
2026-01-21 14:09:05,732 - INFO - Starting direct file download in chunks of 131072 at 0, stride 131072
2026-01-21 14:09:06,545 - INFO - Starting direct file download in chunks of 131072 at 0, stride 131072
2026-01-21 14:09:07,092 - INFO - Starting direct file download in chunks of 131072 at 0, stride 131072
2026-01-21 14:09:07,321 - INFO - Starting direct file download in chunks of 131072 at 0, stride 131072
2026-01-21 14:09:08,150 - INFO - Starting direct file download in chunks of 131072 at 0, stride 131072
2026-01-21 14:09:08,758 - INFO - Starting direct file download in chunks of 131072 at 0, stride 131072
2026-01-21 14:09:09,446 - INFO - Starting direct file download in chunks of 131072 at 0, stride 131072
2026-01-21 14:09:09,990 - INFO - Starting direct file download in chunks of 131072 at 0, stride 131072
2026-01-21 14:09:10,898 - INFO - Starting direct file download in chunks of 131072 at 0, stride 131072
2026-01-21 14:09:11,514 - INFO - Starting direct file download in chunks of 131072 at 0, stride 131072
2026-01-21 14:09:12,225 - INFO - Starting direct file download in chunks of 131072 at 0, stride 131072
2026-01-21 14:09:12,487 - INFO - Starting direct file download in chunks of 131072 at 0, stride 131072
2026-01-21 14:09:12,741 - INFO - Starting direct file download in chunks of 131072 at 0, stride 131072
2026-01-21 14:09:13,280 - INFO - Starting direct file download in chunks of 131072 at 0, stride 131072
2026-01-21 14:09:13,620 - INFO - Starting direct file download in chunks of 131072 at 0, stride 131072
2026-01-21 14:09:14,135 - INFO - Starting direct file download in chunks of 131072 at 0, stride 131072
2026-01-21 14:09:15,023 - INFO - Starting direct file download in chunks of 131072 at 0, stride 131072
2026-01-21 14:09:15,243 - INFO - Starting direct file download in chunks of 131072 at 0, stride 131072
2026-01-21 14:09:15,696 - INFO - Starting direct file download in chunks of 131072 at 0, stride 131072
2026-01-21 14:09:16,279 - INFO - Starting direct file download in chunks of 131072 at 0, stride 131072
2026-01-21 14:09:17,079 - INFO - Starting direct file download in chunks of 131072 at 0, stride 131072
2026-01-21 14:09:17,558 - INFO - Starting direct file download in chunks of 131072 at 0, stride 131072
2026-01-21 14:09:17,755 - INFO - Starting direct file download in chunks of 131072 at 0, stride 131072
2026-01-21 14:09:18,104 - INFO - Successfully saved 100 messages for @lobelia4cosmetics
2026-01-21 14:09:18,104 - INFO - Disconnecting from 149.154.167.92:443/TcpFull...
2026-01-21 14:09:18,105 - INFO - Disconnection from 149.154.167.92:443/TcpFull complete!
2026-01-21 14:15:00,787 - INFO - Connecting to 149.154.167.92:443/TcpFull...
2026-01-21 14:15:00,881 - INFO - Connection to 149.154.167.92:443/TcpFull complete!
2026-01-21 14:15:01,717 - INFO - Starting scrape for @chemed
2026-01-21 14:15:01,717 - INFO - Starting scrape for @lobelia4cosmetics
2026-01-21 14:15:01,726 - INFO - Starting scrape for @tikvahpharma
2026-01-21 14:15:02,191 - INFO - Starting direct file download in chunks of 131072 at 0, stride 131072
2026-01-21 14:15:02,481 - INFO - Starting direct file download in chunks of 131072 at 0, stride 131072
2026-01-21 14:15:02,487 - INFO - Successfully saved 0 messages for @chemed
2026-01-21 14:15:02,540 - INFO - Starting direct file download in chunks of 131072 at 0, stride 131072
2026-01-21 14:15:03,047 - INFO - Starting direct file download in chunks of 131072 at 0, stride 131072
2026-01-21 14:15:03,217 - INFO - Starting direct file download in chunks of 131072 at 0, stride 131072
2026-01-21 14:15:03,647 - INFO - Starting direct file download in chunks of 131072 at 0, stride 131072
2026-01-21 14:15:03,822 - INFO - Starting direct file download in chunks of 131072 at 0, stride 131072
2026-01-21 14:15:03,847 - INFO - Starting direct file download in chunks of 131072 at 0, stride 131072
2026-01-21 14:15:04,767 - INFO - Starting direct file download in chunks of 131072 at 0, stride 131072
2026-01-21 14:15:04,852 - INFO - Starting direct file download in chunks of 131072 at 0, stride 131072
2026-01-21 14:15:05,047 - INFO - Starting direct file download in chunks of 131072 at 0, stride 131072
2026-01-21 14:15:05,307 - INFO - Starting direct file download in chunks of 131072 at 0, stride 131072
2026-01-21 14:15:05,578 - INFO - Starting direct file download in chunks of 131072 at 0, stride 131072
2026-01-21 14:15:05,711 - INFO - Starting direct file download in chunks of 131072 at 0, stride 131072
2026-01-21 14:15:06,072 - INFO - Starting direct file download in chunks of 131072 at 0, stride 131072
2026-01-21 14:15:06,237 - INFO - Starting direct file download in chunks of 131072 at 0, stride 131072
2026-01-21 14:15:06,397 - INFO - Starting direct file download in chunks of 131072 at 0, stride 131072
2026-01-21 14:15:06,897 - INFO - Starting direct file download in chunks of 131072 at 0, stride 131072
2026-01-21 14:15:07,093 - INFO - Starting direct file download in chunks of 131072 at 0, stride 131072
2026-01-21 14:15:07,147 - INFO - Starting direct file download in chunks of 131072 at 0, stride 131072
2026-01-21 14:15:07,312 - INFO - Starting direct file download in chunks of 131072 at 0, stride 131072
2026-01-21 14:15:07,705 - INFO - Starting direct file download in chunks of 131072 at 0, stride 131072
2026-01-21 14:15:07,809 - INFO - Starting direct file download in chunks of 131072 at 0, stride 131072
2026-01-21 14:15:08,123 - INFO - Starting direct file download in chunks of 131072 at 0, stride 131072
2026-01-21 14:15:08,247 - INFO - Starting direct file download in chunks of 131072 at 0, stride 131072
2026-01-21 14:15:08,524 - INFO - Starting direct file download in chunks of 131072 at 0, stride 131072
2026-01-21 14:15:08,717 - INFO - Starting direct file download in chunks of 131072 at 0, stride 131072
2026-01-21 14:15:08,756 - INFO - Starting direct file download in chunks of 131072 at 0, stride 131072
2026-01-21 14:15:09,204 - INFO - Starting direct file download in chunks of 131072 at 0, stride 131072
2026-01-21 14:15:09,397 - INFO - Starting direct file download in chunks of 131072 at 0, stride 131072
2026-01-21 14:15:10,227 - INFO - Starting direct file download in chunks of 131072 at 0, stride 131072
2026-01-21 14:15:10,762 - INFO - Starting direct file download in chunks of 131072 at 0, stride 131072
2026-01-21 14:15:10,877 - INFO - Starting direct file download in chunks of 131072 at 0, stride 131072
2026-01-21 14:15:11,123 - INFO - Starting direct file download in chunks of 131072 at 0, stride 131072
2026-01-21 14:15:11,338 - INFO - Starting direct file download in chunks of 131072 at 0, stride 131072
2026-01-21 14:15:11,677 - INFO - Starting direct file download in chunks of 131072 at 0, stride 131072
2026-01-21 14:15:11,777 - INFO - Starting direct file download in chunks of 131072 at 0, stride 131072
2026-01-21 14:15:12,077 - INFO - Starting direct file download in chunks of 131072 at 0, stride 131072
2026-01-21 14:15:12,177 - INFO - Starting direct file download in chunks of 131072 at 0, stride 131072
2026-01-21 14:15:12,479 - INFO - Starting direct file download in chunks of 131072 at 0, stride 131072
2026-01-21 14:15:12,892 - INFO - Starting direct file download in chunks of 131072 at 0, stride 131072
2026-01-21 14:15:13,323 - INFO - Starting direct file download in chunks of 131072 at 0, stride 131072
2026-01-21 14:15:13,347 - INFO - Starting direct file download in chunks of 131072 at 0, stride 131072
2026-01-21 14:15:13,827 - INFO - Starting direct file download in chunks of 131072 at 0, stride 131072
2026-01-21 14:15:14,282 - INFO - Starting direct file download in chunks of 131072 at 0, stride 131072
2026-01-21 14:15:14,517 - INFO - Starting direct file download in chunks of 131072 at 0, stride 131072
2026-01-21 14:15:14,692 - INFO - Starting direct file download in chunks of 131072 at 0, stride 131072
2026-01-21 14:15:15,122 - INFO - Starting direct file download in chunks of 131072 at 0, stride 131072
2026-01-21 14:15:15,671 - INFO - Starting direct file download in chunks of 131072 at 0, stride 131072
2026-01-21 14:15:15,785 - INFO - Starting direct file download in chunks of 131072 at 0, stride 131072
2026-01-21 14:15:16,081 - INFO - Starting direct file download in chunks of 131072 at 0, stride 131072
2026-01-21 14:15:16,482 - INFO - Starting direct file download in chunks of 131072 at 0, stride 131072
2026-01-21 14:15:16,687 - INFO - Starting direct file download in chunks of 131072 at 0, stride 131072
2026-01-21 14:15:17,370 - INFO - Starting direct file download in chunks of 131072 at 0, stride 131072
2026-01-21 14:15:17,457 - INFO - Starting direct file download in chunks of 131072 at 0, stride 131072
2026-01-21 14:15:18,156 - INFO - Starting direct file download in chunks of 131072 at 0, stride 131072
2026-01-21 14:15:18,370 - INFO - Starting direct file download in chunks of 131072 at 0, stride 131072
2026-01-21 14:15:18,685 - INFO - Starting direct file download in chunks of 131072 at 0, stride 131072
2026-01-21 14:15:19,023 - INFO - Starting direct file download in chunks of 131072 at 0, stride 131072
2026-01-21 14:15:19,227 - INFO - Starting direct file download in chunks of 131072 at 0, stride 131072
2026-01-21 14:15:20,273 - INFO - Starting direct file download in chunks of 131072 at 0, stride 131072
2026-01-21 14:15:20,340 - INFO - Starting direct file download in chunks of 131072 at 0, stride 131072
2026-01-21 14:15:21,422 - INFO - Starting direct file download in chunks of 131072 at 0, stride 131072
2026-01-21 14:15:22,329 - INFO - Starting direct file download in chunks of 131072 at 0, stride 131072
2026-01-21 14:15:22,447 - INFO - Starting direct file download in chunks of 131072 at 0, stride 131072
2026-01-21 14:15:23,087 - INFO - Starting direct file download in chunks of 131072 at 0, stride 131072
2026-01-21 14:15:23,359 - INFO - Starting direct file download in chunks of 131072 at 0, stride 131072
2026-01-21 14:15:23,644 - INFO - Starting direct file download in chunks of 131072 at 0, stride 131072
2026-01-21 14:15:24,227 - INFO - Starting direct file download in chunks of 131072 at 0, stride 131072
2026-01-21 14:15:24,577 - INFO - Starting direct file download in chunks of 131072 at 0, stride 131072
2026-01-21 14:15:24,727 - INFO - Starting direct file download in chunks of 131072 at 0, stride 131072
2026-01-21 14:15:25,427 - INFO - Starting direct file download in chunks of 131072 at 0, stride 131072
2026-01-21 14:15:25,672 - INFO - Starting direct file download in chunks of 131072 at 0, stride 131072
2026-01-21 14:15:26,648 - INFO - Starting direct file download in chunks of 131072 at 0, stride 131072
2026-01-21 14:15:26,731 - INFO - Starting direct file download in chunks of 131072 at 0, stride 131072
2026-01-21 14:15:26,937 - INFO - Starting direct file download in chunks of 131072 at 0, stride 131072
2026-01-21 14:15:27,282 - INFO - Starting direct file download in chunks of 131072 at 0, stride 131072
2026-01-21 14:15:27,498 - INFO - Starting direct file download in chunks of 131072 at 0, stride 131072
2026-01-21 14:15:27,837 - INFO - Starting direct file download in chunks of 131072 at 0, stride 131072
2026-01-21 14:15:27,941 - INFO - Starting direct file download in chunks of 131072 at 0, stride 131072
2026-01-21 14:15:28,413 - INFO - Starting direct file download in chunks of 131072 at 0, stride 131072
2026-01-21 14:15:31,778 - INFO - Starting direct file download in chunks of 131072 at 0, stride 131072
2026-01-21 14:15:32,478 - INFO - Starting direct file download in chunks of 131072 at 0, stride 131072
2026-01-21 14:15:32,510 - INFO - Starting direct file download in chunks of 131072 at 0, stride 131072
2026-01-21 14:15:33,047 - INFO - Starting direct file download in chunks of 131072 at 0, stride 131072
2026-01-21 14:15:33,197 - INFO - Starting direct file download in chunks of 131072 at 0, stride 131072
2026-01-21 14:15:33,567 - INFO - Starting direct file download in chunks of 131072 at 0, stride 131072
2026-01-21 14:15:33,677 - INFO - Starting direct file download in chunks of 131072 at 0, stride 131072
2026-01-21 14:15:34,022 - INFO - Starting direct file download in chunks of 131072 at 0, stride 131072
2026-01-21 14:15:34,102 - INFO - Starting direct file download in chunks of 131072 at 0, stride 131072
2026-01-21 14:15:34,460 - INFO - Starting direct file download in chunks of 131072 at 0, stride 131072
2026-01-21 14:15:34,877 - INFO - Starting direct file download in chunks of 131072 at 0, stride 131072
2026-01-21 14:15:35,117 - INFO - Starting direct file download in chunks of 131072 at 0, stride 131072
2026-01-21 14:15:35,327 - INFO - Starting direct file download in chunks of 131072 at 0, stride 131072
2026-01-21 14:15:35,528 - INFO - Starting direct file download in chunks of 131072 at 0, stride 131072
2026-01-21 14:15:35,821 - INFO - Starting direct file download in chunks of 131072 at 0, stride 131072
2026-01-21 14:15:35,917 - INFO - Starting direct file download in chunks of 131072 at 0, stride 131072
2026-01-21 14:15:36,197 - INFO - Starting direct file download in chunks of 131072 at 0, stride 131072
2026-01-21 14:15:37,056 - INFO - Starting direct file download in chunks of 131072 at 0, stride 131072
2026-01-21 14:15:37,217 - INFO - Starting direct file download in chunks of 131072 at 0, stride 131072
2026-01-21 14:15:37,302 - INFO - Starting direct file download in chunks of 131072 at 0, stride 131072
2026-01-21 14:15:37,687 - INFO - Starting direct file download in chunks of 131072 at 0, stride 131072
2026-01-21 14:15:37,858 - INFO - Starting direct file download in chunks of 131072 at 0, stride 131072
2026-01-21 14:15:38,222 - INFO - Starting direct file download in chunks of 131072 at 0, stride 131072
2026-01-21 14:15:38,374 - INFO - Starting direct file download in chunks of 131072 at 0, stride 131072
2026-01-21 14:15:38,440 - INFO - Starting direct file download in chunks of 131072 at 0, stride 131072
2026-01-21 14:15:39,864 - INFO - Starting direct file download in chunks of 131072 at 0, stride 131072
2026-01-21 14:15:40,463 - INFO - Starting direct file download in chunks of 131072 at 0, stride 131072
2026-01-21 14:15:42,128 - INFO - Starting direct file download in chunks of 131072 at 0, stride 131072
2026-01-21 14:15:42,828 - INFO - Starting direct file download in chunks of 131072 at 0, stride 131072
2026-01-21 14:15:43,514 - INFO - Starting direct file download in chunks of 131072 at 0, stride 131072
2026-01-21 14:15:43,867 - INFO - Starting direct file download in chunks of 131072 at 0, stride 131072
2026-01-21 14:15:44,155 - INFO - Starting direct file download in chunks of 131072 at 0, stride 131072
2026-01-21 14:15:44,933 - INFO - Starting direct file download in chunks of 131072 at 0, stride 131072
2026-01-21 14:15:46,122 - INFO - Starting direct file download in chunks of 131072 at 0, stride 131072
2026-01-21 14:15:46,163 - INFO - Starting direct file download in chunks of 131072 at 0, stride 131072
2026-01-21 14:15:46,476 - INFO - Starting direct file download in chunks of 131072 at 0, stride 131072
2026-01-21 14:15:46,599 - INFO - Starting direct file download in chunks of 131072 at 0, stride 131072
2026-01-21 14:15:46,685 - INFO - Starting direct file download in chunks of 131072 at 0, stride 131072
2026-01-21 14:15:46,968 - INFO - Starting direct file download in chunks of 131072 at 0, stride 131072
2026-01-21 14:15:47,002 - INFO - Starting direct file download in chunks of 131072 at 0, stride 131072
2026-01-21 14:15:47,552 - INFO - Starting direct file download in chunks of 131072 at 0, stride 131072
2026-01-21 14:15:47,772 - INFO - Starting direct file download in chunks of 131072 at 0, stride 131072
2026-01-21 14:15:47,942 - INFO - Starting direct file download in chunks of 131072 at 0, stride 131072
2026-01-21 14:15:48,038 - INFO - Successfully saved 100 messages for @tikvahpharma
2026-01-21 14:15:48,334 - INFO - Starting direct file download in chunks of 131072 at 0, stride 131072
2026-01-21 14:15:48,757 - INFO - Starting direct file download in chunks of 131072 at 0, stride 131072
2026-01-21 14:15:49,148 - INFO - Starting direct file download in chunks of 131072 at 0, stride 131072
2026-01-21 14:15:49,600 - INFO - Starting direct file download in chunks of 131072 at 0, stride 131072
2026-01-21 14:15:49,887 - INFO - Starting direct file download in chunks of 131072 at 0, stride 131072
2026-01-21 14:15:50,122 - INFO - Starting direct file download in chunks of 131072 at 0, stride 131072
2026-01-21 14:15:50,687 - INFO - Starting direct file download in chunks of 131072 at 0, stride 131072
2026-01-21 14:15:51,027 - INFO - Starting direct file download in chunks of 131072 at 0, stride 131072
2026-01-21 14:15:51,322 - INFO - Starting direct file download in chunks of 131072 at 0, stride 131072
2026-01-21 14:15:51,887 - INFO - Starting direct file download in chunks of 131072 at 0, stride 131072
2026-01-21 14:15:56,315 - INFO - Starting direct file download in chunks of 131072 at 0, stride 131072
2026-01-21 14:15:57,757 - INFO - Starting direct file download in chunks of 131072 at 0, stride 131072
2026-01-21 14:15:58,549 - INFO - Starting direct file download in chunks of 131072 at 0, stride 131072
2026-01-21 14:15:59,144 - INFO - Starting direct file download in chunks of 131072 at 0, stride 131072
2026-01-21 14:15:59,985 - INFO - Starting direct file download in chunks of 131072 at 0, stride 131072
2026-01-21 14:16:00,898 - INFO - Starting direct file download in chunks of 131072 at 0, stride 131072
2026-01-21 14:16:02,450 - INFO - Starting direct file download in chunks of 131072 at 0, stride 131072
2026-01-21 14:16:02,844 - INFO - Starting direct file download in chunks of 131072 at 0, stride 131072
2026-01-21 14:16:03,259 - INFO - Starting direct file download in chunks of 131072 at 0, stride 131072
2026-01-21 14:16:03,953 - INFO - Starting direct file download in chunks of 131072 at 0, stride 131072
2026-01-21 14:16:04,711 - INFO - Starting direct file download in chunks of 131072 at 0, stride 131072
2026-01-21 14:16:05,332 - INFO - Starting direct file download in chunks of 131072 at 0, stride 131072
2026-01-21 14:16:06,242 - INFO - Starting direct file download in chunks of 131072 at 0, stride 131072
2026-01-21 14:16:06,663 - INFO - Starting direct file download in chunks of 131072 at 0, stride 131072
2026-01-21 14:16:07,427 - INFO - Starting direct file download in chunks of 131072 at 0, stride 131072
2026-01-21 14:16:08,738 - INFO - Starting direct file download in chunks of 131072 at 0, stride 131072
2026-01-21 14:16:10,054 - INFO - Starting direct file download in chunks of 131072 at 0, stride 131072
2026-01-21 14:16:11,069 - INFO - Starting direct file download in chunks of 131072 at 0, stride 131072
2026-01-21 14:16:11,429 - INFO - Starting direct file download in chunks of 131072 at 0, stride 131072
2026-01-21 14:16:12,221 - INFO - Successfully saved 100 messages for @lobelia4cosmetics
2026-01-21 14:16:12,222 - INFO - Disconnecting from 149.154.167.92:443/TcpFull...
2026-01-21 14:16:12,222 - INFO - Disconnection from 149.154.167.92:443/TcpFull complete!
2026-01-21 14:18:43,724 - INFO - Connecting to 149.154.167.51:443/TcpFull...
2026-01-21 14:18:45,372 - INFO - Connection to 149.154.167.51:443/TcpFull complete!
2026-01-21 14:19:18,561 - INFO - Phone migrated to 4
2026-01-21 14:19:18,852 - INFO - Reconnecting to new data center 4
2026-01-21 14:19:19,165 - INFO - Disconnecting from 149.154.167.51:443/TcpFull...
2026-01-21 14:19:19,166 - INFO - Disconnection from 149.154.167.51:443/TcpFull complete!
2026-01-21 14:19:19,166 - INFO - Connecting to 149.154.167.92:443/TcpFull...
2026-01-21 14:19:20,800 - INFO - Connection to 149.154.167.92:443/TcpFull complete!
2026-01-21 14:19:40,998 - INFO - Starting scrape for @CheMed
2026-01-21 14:19:41,000 - INFO - Starting scrape for @lobelia4cosmetics
2026-01-21 14:19:41,001 - INFO - Starting scrape for @tikvahpharma
2026-01-21 14:19:41,387 - INFO - Successfully saved 0 messages for @CheMed
2026-01-21 14:19:41,849 - INFO - Starting direct file download in chunks of 131072 at 0, stride 131072
2026-01-21 14:19:43,108 - INFO - Starting direct file download in chunks of 131072 at 0, stride 131072
2026-01-21 14:19:43,748 - INFO - Starting direct file download in chunks of 131072 at 0, stride 131072
2026-01-21 14:19:44,532 - INFO - Starting direct file download in chunks of 131072 at 0, stride 131072
2026-01-21 14:19:44,954 - INFO - Starting direct file download in chunks of 131072 at 0, stride 131072
2026-01-21 14:19:45,887 - INFO - Starting direct file download in chunks of 131072 at 0, stride 131072
2026-01-21 14:19:45,910 - INFO - Starting direct file download in chunks of 131072 at 0, stride 131072
2026-01-21 14:19:47,105 - INFO - Starting direct file download in chunks of 131072 at 0, stride 131072
2026-01-21 14:19:47,164 - INFO - Starting direct file download in chunks of 131072 at 0, stride 131072
2026-01-21 14:19:47,295 - INFO - Starting direct file download in chunks of 131072 at 0, stride 131072
2026-01-21 14:19:47,802 - INFO - Starting direct file download in chunks of 131072 at 0, stride 131072
2026-01-21 14:19:47,867 - INFO - Starting direct file download in chunks of 131072 at 0, stride 131072
2026-01-21 14:19:48,333 - INFO - Starting direct file download in chunks of 131072 at 0, stride 131072
2026-01-21 14:19:49,026 - INFO - Starting direct file download in chunks of 131072 at 0, stride 131072
2026-01-21 14:19:50,234 - INFO - Starting direct file download in chunks of 131072 at 0, stride 131072
2026-01-21 14:19:50,606 - INFO - Starting direct file download in chunks of 131072 at 0, stride 131072
2026-01-21 14:19:50,719 - INFO - Starting direct file download in chunks of 131072 at 0, stride 131072
2026-01-21 14:19:51,166 - INFO - Starting direct file download in chunks of 131072 at 0, stride 131072
2026-01-21 14:19:51,492 - INFO - Starting direct file download in chunks of 131072 at 0, stride 131072
2026-01-21 14:19:51,548 - INFO - Starting direct file download in chunks of 131072 at 0, stride 131072
2026-01-21 14:19:52,552 - INFO - Starting direct file download in chunks of 131072 at 0, stride 131072
2026-01-21 14:19:52,675 - INFO - Starting direct file download in chunks of 131072 at 0, stride 131072
2026-01-21 14:19:53,221 - INFO - Starting direct file download in chunks of 131072 at 0, stride 131072
2026-01-21 14:19:53,758 - INFO - Starting direct file download in chunks of 131072 at 0, stride 131072
2026-01-21 14:19:54,120 - INFO - Starting direct file download in chunks of 131072 at 0, stride 131072
2026-01-21 14:19:54,154 - INFO - Starting direct file download in chunks of 131072 at 0, stride 131072
2026-01-21 14:19:54,559 - INFO - Starting direct file download in chunks of 131072 at 0, stride 131072
2026-01-21 14:19:54,601 - INFO - Starting direct file download in chunks of 131072 at 0, stride 131072
2026-01-21 14:19:56,017 - INFO - Starting direct file download in chunks of 131072 at 0, stride 131072
2026-01-21 14:19:56,224 - INFO - Starting direct file download in chunks of 131072 at 0, stride 131072
2026-01-21 14:19:56,803 - INFO - Starting direct file download in chunks of 131072 at 0, stride 131072
2026-01-21 14:19:57,334 - INFO - Starting direct file download in chunks of 131072 at 0, stride 131072
2026-01-21 14:19:57,797 - INFO - Starting direct file download in chunks of 131072 at 0, stride 131072
2026-01-21 14:19:57,994 - INFO - Starting direct file download in chunks of 131072 at 0, stride 131072
2026-01-21 14:19:59,181 - INFO - Starting direct file download in chunks of 131072 at 0, stride 131072
2026-01-21 14:19:59,373 - INFO - Starting direct file download in chunks of 131072 at 0, stride 131072
2026-01-21 14:20:00,129 - INFO - Starting direct file download in chunks of 131072 at 0, stride 131072
2026-01-21 14:20:00,907 - INFO - Starting direct file download in chunks of 131072 at 0, stride 131072
2026-01-21 14:20:01,055 - INFO - Starting direct file download in chunks of 131072 at 0, stride 131072
2026-01-21 14:20:02,489 - INFO - Starting direct file download in chunks of 131072 at 0, stride 131072
2026-01-21 14:20:03,170 - INFO - Starting direct file download in chunks of 131072 at 0, stride 131072
2026-01-21 14:20:03,848 - INFO - Starting direct file download in chunks of 131072 at 0, stride 131072
2026-01-21 14:20:04,011 - INFO - Starting direct file download in chunks of 131072 at 0, stride 131072
2026-01-21 14:20:04,606 - INFO - Starting direct file download in chunks of 131072 at 0, stride 131072
2026-01-21 14:20:04,948 - INFO - Starting direct file download in chunks of 131072 at 0, stride 131072
2026-01-21 14:20:05,502 - INFO - Starting direct file download in chunks of 131072 at 0, stride 131072
2026-01-21 14:20:06,352 - INFO - Starting direct file download in chunks of 131072 at 0, stride 131072
2026-01-21 14:20:06,983 - INFO - Starting direct file download in chunks of 131072 at 0, stride 131072
2026-01-21 14:20:07,071 - INFO - Starting direct file download in chunks of 131072 at 0, stride 131072
2026-01-21 14:20:08,043 - INFO - Starting direct file download in chunks of 131072 at 0, stride 131072
2026-01-21 14:20:08,623 - INFO - Starting direct file download in chunks of 131072 at 0, stride 131072
2026-01-21 14:20:09,595 - INFO - Starting direct file download in chunks of 131072 at 0, stride 131072
2026-01-21 14:20:09,879 - INFO - Starting direct file download in chunks of 131072 at 0, stride 131072
2026-01-21 14:20:10,677 - INFO - Starting direct file download in chunks of 131072 at 0, stride 131072
2026-01-21 14:20:11,815 - INFO - Starting direct file download in chunks of 131072 at 0, stride 131072
2026-01-21 14:20:11,951 - INFO - Starting direct file download in chunks of 131072 at 0, stride 131072
2026-01-21 14:20:12,832 - INFO - Starting direct file download in chunks of 131072 at 0, stride 131072
2026-01-21 14:20:13,129 - INFO - Starting direct file download in chunks of 131072 at 0, stride 131072
2026-01-21 14:20:13,445 - INFO - Starting direct file download in chunks of 131072 at 0, stride 131072
2026-01-21 14:20:15,037 - INFO - Starting direct file download in chunks of 131072 at 0, stride 131072
2026-01-21 14:20:15,118 - INFO - Starting direct file download in chunks of 131072 at 0, stride 131072
2026-01-21 14:20:16,127 - INFO - Starting direct file download in chunks of 131072 at 0, stride 131072
2026-01-21 14:20:16,678 - INFO - Starting direct file download in chunks of 131072 at 0, stride 131072
2026-01-21 14:20:17,248 - INFO - Starting direct file download in chunks of 131072 at 0, stride 131072
2026-01-21 14:20:18,561 - INFO - Starting direct file download in chunks of 131072 at 0, stride 131072
2026-01-21 14:20:19,182 - INFO - Starting direct file download in chunks of 131072 at 0, stride 131072
2026-01-21 14:20:19,275 - INFO - Starting direct file download in chunks of 131072 at 0, stride 131072
2026-01-21 14:20:20,634 - INFO - Starting direct file download in chunks of 131072 at 0, stride 131072
2026-01-21 14:20:22,963 - INFO - Starting direct file download in chunks of 131072 at 0, stride 131072
2026-01-21 14:20:23,480 - INFO - Starting direct file download in chunks of 131072 at 0, stride 131072
2026-01-21 14:20:23,735 - INFO - Starting direct file download in chunks of 131072 at 0, stride 131072
2026-01-21 14:20:25,025 - INFO - Starting direct file download in chunks of 131072 at 0, stride 131072
2026-01-21 14:20:25,153 - INFO - Starting direct file download in chunks of 131072 at 0, stride 131072
2026-01-21 14:20:27,544 - INFO - Starting direct file download in chunks of 131072 at 0, stride 131072
2026-01-21 14:20:28,774 - INFO - Starting direct file download in chunks of 131072 at 0, stride 131072
2026-01-21 14:20:29,135 - INFO - Starting direct file download in chunks of 131072 at 0, stride 131072
2026-01-21 14:20:30,337 - INFO - Starting direct file download in chunks of 131072 at 0, stride 131072
2026-01-21 14:20:31,057 - INFO - Starting direct file download in chunks of 131072 at 0, stride 131072
2026-01-21 14:20:32,402 - INFO - Starting direct file download in chunks of 131072 at 0, stride 131072
2026-01-21 14:20:32,801 - INFO - Starting direct file download in chunks of 131072 at 0, stride 131072
2026-01-21 14:20:32,899 - INFO - Starting direct file download in chunks of 131072 at 0, stride 131072
2026-01-21 14:20:35,645 - INFO - Starting direct file download in chunks of 131072 at 0, stride 131072
2026-01-21 14:20:36,072 - INFO - Starting direct file download in chunks of 131072 at 0, stride 131072
2026-01-21 14:20:36,606 - INFO - Starting direct file download in chunks of 131072 at 0, stride 131072
2026-01-21 14:20:36,860 - INFO - Starting direct file download in chunks of 131072 at 0, stride 131072
2026-01-21 14:20:37,720 - INFO - Starting direct file download in chunks of 131072 at 0, stride 131072
2026-01-21 14:20:38,514 - INFO - Starting direct file download in chunks of 131072 at 0, stride 131072
2026-01-21 14:20:39,475 - INFO - Starting direct file download in chunks of 131072 at 0, stride 131072
2026-01-21 14:20:39,956 - INFO - Starting direct file download in chunks of 131072 at 0, stride 131072
2026-01-21 14:20:40,049 - INFO - Starting direct file download in chunks of 131072 at 0, stride 131072
2026-01-21 14:20:41,344 - INFO - Starting direct file download in chunks of 131072 at 0, stride 131072
2026-01-21 14:20:41,733 - INFO - Starting direct file download in chunks of 131072 at 0, stride 131072
2026-01-21 14:20:42,540 - INFO - Starting direct file download in chunks of 131072 at 0, stride 131072
2026-01-21 14:20:42,830 - INFO - Starting direct file download in chunks of 131072 at 0, stride 131072
2026-01-21 14:20:43,280 - INFO - Starting direct file download in chunks of 131072 at 0, stride 131072
2026-01-21 14:20:43,483 - INFO - Starting direct file download in chunks of 131072 at 0, stride 131072
2026-01-21 14:20:43,856 - INFO - Starting direct file download in chunks of 131072 at 0, stride 131072
2026-01-21 14:20:45,183 - INFO - Starting direct file download in chunks of 131072 at 0, stride 131072
2026-01-21 14:20:46,054 - INFO - Starting direct file download in chunks of 131072 at 0, stride 131072
2026-01-21 14:20:46,510 - INFO - Starting direct file download in chunks of 131072 at 0, stride 131072
2026-01-21 14:20:47,584 - INFO - Starting direct file download in chunks of 131072 at 0, stride 131072
2026-01-21 14:20:48,171 - INFO - Starting direct file download in chunks of 131072 at 0, stride 131072
2026-01-21 14:20:48,399 - INFO - Starting direct file download in chunks of 131072 at 0, stride 131072
2026-01-21 14:20:48,627 - INFO - Starting direct file download in chunks of 131072 at 0, stride 131072
2026-01-21 14:20:49,349 - INFO - Starting direct file download in chunks of 131072 at 0, stride 131072
2026-01-21 14:20:49,720 - INFO - Starting direct file download in chunks of 131072 at 0, stride 131072
2026-01-21 14:20:49,955 - INFO - Starting direct file download in chunks of 131072 at 0, stride 131072
2026-01-21 14:20:51,235 - INFO - Starting direct file download in chunks of 131072 at 0, stride 131072
2026-01-21 14:20:51,311 - INFO - Starting direct file download in chunks of 131072 at 0, stride 131072
2026-01-21 14:20:52,069 - INFO - Starting direct file download in chunks of 131072 at 0, stride 131072
2026-01-21 14:20:52,860 - INFO - Starting direct file download in chunks of 131072 at 0, stride 131072
2026-01-21 14:20:54,705 - INFO - Starting direct file download in chunks of 131072 at 0, stride 131072
2026-01-21 14:20:55,439 - INFO - Starting direct file download in chunks of 131072 at 0, stride 131072
2026-01-21 14:20:55,923 - INFO - Starting direct file download in chunks of 131072 at 0, stride 131072
2026-01-21 14:20:56,907 - INFO - Starting direct file download in chunks of 131072 at 0, stride 131072
2026-01-21 14:20:57,291 - INFO - Starting direct file download in chunks of 131072 at 0, stride 131072
2026-01-21 14:20:57,763 - INFO - Starting direct file download in chunks of 131072 at 0, stride 131072
2026-01-21 14:20:58,023 - INFO - Starting direct file download in chunks of 131072 at 0, stride 131072
2026-01-21 14:20:58,119 - INFO - Starting direct file download in chunks of 131072 at 0, stride 131072
2026-01-21 14:21:00,157 - INFO - Starting direct file download in chunks of 131072 at 0, stride 131072
2026-01-21 14:21:00,483 - INFO - Starting direct file download in chunks of 131072 at 0, stride 131072
2026-01-21 14:21:01,529 - INFO - Starting direct file download in chunks of 131072 at 0, stride 131072
2026-01-21 14:21:01,852 - INFO - Starting direct file download in chunks of 131072 at 0, stride 131072
2026-01-21 14:21:02,544 - INFO - Starting direct file download in chunks of 131072 at 0, stride 131072
2026-01-21 14:21:03,204 - INFO - Starting direct file download in chunks of 131072 at 0, stride 131072
2026-01-21 14:21:03,713 - INFO - Starting direct file download in chunks of 131072 at 0, stride 131072
2026-01-21 14:21:04,826 - INFO - Starting direct file download in chunks of 131072 at 0, stride 131072
2026-01-21 14:21:05,650 - INFO - Starting direct file download in chunks of 131072 at 0, stride 131072
2026-01-21 14:21:06,624 - INFO - Starting direct file download in chunks of 131072 at 0, stride 131072
2026-01-21 14:21:06,890 - INFO - Successfully saved 100 messages for @tikvahpharma
2026-01-21 14:21:07,535 - INFO - Starting direct file download in chunks of 131072 at 0, stride 131072
2026-01-21 14:21:08,271 - INFO - Starting direct file download in chunks of 131072 at 0, stride 131072
2026-01-21 14:21:08,885 - INFO - Starting direct file download in chunks of 131072 at 0, stride 131072
2026-01-21 14:21:09,894 - INFO - Starting direct file download in chunks of 131072 at 0, stride 131072
2026-01-21 14:21:10,770 - INFO - Starting direct file download in chunks of 131072 at 0, stride 131072
2026-01-21 14:21:11,637 - INFO - Starting direct file download in chunks of 131072 at 0, stride 131072
2026-01-21 14:21:12,149 - INFO - Starting direct file download in chunks of 131072 at 0, stride 131072
2026-01-21 14:21:13,217 - INFO - Starting direct file download in chunks of 131072 at 0, stride 131072
2026-01-21 14:21:13,969 - INFO - Starting direct file download in chunks of 131072 at 0, stride 131072
2026-01-21 14:21:14,535 - INFO - Starting direct file download in chunks of 131072 at 0, stride 131072
2026-01-21 14:21:15,135 - INFO - Starting direct file download in chunks of 131072 at 0, stride 131072
2026-01-21 14:21:16,086 - INFO - Starting direct file download in chunks of 131072 at 0, stride 131072
2026-01-21 14:21:17,174 - INFO - Starting direct file download in chunks of 131072 at 0, stride 131072
2026-01-21 14:21:19,137 - INFO - Starting direct file download in chunks of 131072 at 0, stride 131072
2026-01-21 14:21:19,490 - INFO - Starting direct file download in chunks of 131072 at 0, stride 131072
2026-01-21 14:21:19,939 - INFO - Starting direct file download in chunks of 131072 at 0, stride 131072
2026-01-21 14:21:20,739 - INFO - Starting direct file download in chunks of 131072 at 0, stride 131072
2026-01-21 14:21:21,559 - INFO - Starting direct file download in chunks of 131072 at 0, stride 131072
2026-01-21 14:21:22,275 - INFO - Starting direct file download in chunks of 131072 at 0, stride 131072
2026-01-21 14:21:23,338 - INFO - Starting direct file download in chunks of 131072 at 0, stride 131072
2026-01-21 14:21:23,604 - INFO - Starting direct file download in chunks of 131072 at 0, stride 131072
2026-01-21 14:21:24,929 - INFO - Starting direct file download in chunks of 131072 at 0, stride 131072
2026-01-21 14:21:26,144 - INFO - Starting direct file download in chunks of 131072 at 0, stride 131072
2026-01-21 14:21:27,502 - INFO - Starting direct file download in chunks of 131072 at 0, stride 131072
2026-01-21 14:21:28,567 - INFO - Starting direct file download in chunks of 131072 at 0, stride 131072
2026-01-21 14:21:29,001 - INFO - Starting direct file download in chunks of 131072 at 0, stride 131072
2026-01-21 14:21:29,843 - INFO - Successfully saved 100 messages for @lobelia4cosmetics
2026-01-21 14:21:29,843 - INFO - Disconnecting from 149.154.167.92:443/TcpFull...
2026-01-21 14:21:29,843 - INFO - Disconnection from 149.154.167.92:443/TcpFull complete!
2026-01-21 14:29:15,871 - INFO - Connecting to 149.154.167.92:443/TcpFull...
2026-01-21 14:29:15,972 - INFO - Connection to 149.154.167.92:443/TcpFull complete!
2026-01-21 14:29:16,971 - INFO - Starting scrape for @CheMed123
2026-01-21 14:29:16,971 - INFO - Starting scrape for @lobelia4cosmetics
2026-01-21 14:29:16,971 - INFO - Starting scrape for @tikvahpharma
2026-01-21 14:29:17,320 - INFO - Starting direct file download in chunks of 131072 at 0, stride 131072
2026-01-21 14:29:17,536 - INFO - Starting direct file download in chunks of 131072 at 0, stride 131072
2026-01-21 14:29:17,736 - INFO - Starting direct file download in chunks of 131072 at 0, stride 131072
2026-01-21 14:29:17,798 - INFO - Starting direct file download in chunks of 131072 at 0, stride 131072
2026-01-21 14:29:18,170 - INFO - Starting direct file download in chunks of 131072 at 0, stride 131072
2026-01-21 14:29:18,225 - INFO - Starting direct file download in chunks of 131072 at 0, stride 131072
2026-01-21 14:29:18,302 - INFO - Starting direct file download in chunks of 131072 at 0, stride 131072
2026-01-21 14:29:19,085 - INFO - Starting direct file download in chunks of 131072 at 0, stride 131072
2026-01-21 14:29:19,101 - INFO - Starting direct file download in chunks of 131072 at 0, stride 131072
2026-01-21 14:29:19,185 - INFO - Starting direct file download in chunks of 131072 at 0, stride 131072
2026-01-21 14:29:19,970 - INFO - Starting direct file download in chunks of 131072 at 0, stride 131072
2026-01-21 14:29:20,035 - INFO - Starting direct file download in chunks of 131072 at 0, stride 131072
2026-01-21 14:29:20,151 - INFO - Starting direct file download in chunks of 131072 at 0, stride 131072
2026-01-21 14:29:20,251 - INFO - Starting direct file download in chunks of 131072 at 0, stride 131072
2026-01-21 14:29:20,418 - INFO - Starting direct file download in chunks of 131072 at 0, stride 131072
2026-01-21 14:29:20,619 - INFO - Starting direct file download in chunks of 131072 at 0, stride 131072
2026-01-21 14:29:20,685 - INFO - Starting direct file download in chunks of 131072 at 0, stride 131072
2026-01-21 14:29:21,033 - INFO - Starting direct file download in chunks of 131072 at 0, stride 131072
2026-01-21 14:29:21,036 - INFO - Starting direct file download in chunks of 131072 at 0, stride 131072
2026-01-21 14:29:21,368 - INFO - Starting direct file download in chunks of 131072 at 0, stride 131072
2026-01-21 14:29:21,683 - INFO - Starting direct file download in chunks of 131072 at 0, stride 131072
2026-01-21 14:29:21,834 - INFO - Starting direct file download in chunks of 131072 at 0, stride 131072
2026-01-21 14:29:21,967 - INFO - Starting direct file download in chunks of 131072 at 0, stride 131072
2026-01-21 14:29:22,070 - INFO - Starting direct file download in chunks of 131072 at 0, stride 131072
2026-01-21 14:29:22,233 - INFO - Starting direct file download in chunks of 131072 at 0, stride 131072
2026-01-21 14:29:22,375 - INFO - Starting direct file download in chunks of 131072 at 0, stride 131072
2026-01-21 14:29:22,502 - INFO - Starting direct file download in chunks of 131072 at 0, stride 131072
2026-01-21 14:29:22,550 - INFO - Starting direct file download in chunks of 131072 at 0, stride 131072
2026-01-21 14:29:23,133 - INFO - Starting direct file download in chunks of 131072 at 0, stride 131072
2026-01-21 14:29:23,249 - INFO - Starting direct file download in chunks of 131072 at 0, stride 131072
2026-01-21 14:29:23,349 - INFO - Starting direct file download in chunks of 131072 at 0, stride 131072
2026-01-21 14:29:23,866 - INFO - Starting direct file download in chunks of 131072 at 0, stride 131072
2026-01-21 14:29:24,182 - INFO - Starting direct file download in chunks of 131072 at 0, stride 131072
2026-01-21 14:29:24,415 - INFO - Starting direct file download in chunks of 131072 at 0, stride 131072
2026-01-21 14:29:24,449 - INFO - Starting direct file download in chunks of 131072 at 0, stride 131072
2026-01-21 14:29:24,499 - INFO - Starting direct file download in chunks of 131072 at 0, stride 131072
2026-01-21 14:29:24,552 - INFO - Starting direct file download in chunks of 131072 at 0, stride 131072
2026-01-21 14:29:24,698 - INFO - Starting direct file download in chunks of 131072 at 0, stride 131072
2026-01-21 14:29:24,951 - INFO - Starting direct file download in chunks of 131072 at 0, stride 131072
2026-01-21 14:29:25,064 - INFO - Starting direct file download in chunks of 131072 at 0, stride 131072
2026-01-21 14:29:25,299 - INFO - Starting direct file download in chunks of 131072 at 0, stride 131072
2026-01-21 14:29:25,690 - INFO - Starting direct file download in chunks of 131072 at 0, stride 131072
2026-01-21 14:29:25,947 - INFO - Starting direct file download in chunks of 131072 at 0, stride 131072
2026-01-21 14:29:26,514 - INFO - Starting direct file download in chunks of 131072 at 0, stride 131072
2026-01-21 14:29:26,697 - INFO - Starting direct file download in chunks of 131072 at 0, stride 131072
2026-01-21 14:29:26,764 - INFO - Starting direct file download in chunks of 131072 at 0, stride 131072
2026-01-21 14:29:27,260 - INFO - Starting direct file download in chunks of 131072 at 0, stride 131072
2026-01-21 14:29:27,397 - INFO - Starting direct file download in chunks of 131072 at 0, stride 131072
2026-01-21 14:29:27,496 - INFO - Starting direct file download in chunks of 131072 at 0, stride 131072
2026-01-21 14:29:27,730 - INFO - Starting direct file download in chunks of 131072 at 0, stride 131072
2026-01-21 14:29:27,880 - INFO - Starting direct file download in chunks of 131072 at 0, stride 131072
2026-01-21 14:29:28,063 - INFO - Starting direct file download in chunks of 131072 at 0, stride 131072
2026-01-21 14:29:28,255 - INFO - Starting direct file download in chunks of 131072 at 0, stride 131072
2026-01-21 14:29:28,460 - INFO - Starting direct file download in chunks of 131072 at 0, stride 131072
2026-01-21 14:29:28,646 - INFO - Starting direct file download in chunks of 131072 at 0, stride 131072
2026-01-21 14:29:28,962 - INFO - Starting direct file download in chunks of 131072 at 0, stride 131072
2026-01-21 14:29:29,296 - INFO - Starting direct file download in chunks of 131072 at 0, stride 131072
2026-01-21 14:29:29,562 - INFO - Starting direct file download in chunks of 131072 at 0, stride 131072
2026-01-21 14:29:29,762 - INFO - Starting direct file download in chunks of 131072 at 0, stride 131072
2026-01-21 14:29:30,165 - INFO - Starting direct file download in chunks of 131072 at 0, stride 131072
2026-01-21 14:29:30,328 - INFO - Starting direct file download in chunks of 131072 at 0, stride 131072
2026-01-21 14:29:30,345 - INFO - Starting direct file download in chunks of 131072 at 0, stride 131072
2026-01-21 14:29:30,845 - INFO - Starting direct file download in chunks of 131072 at 0, stride 131072
2026-01-21 14:29:30,928 - INFO - Starting direct file download in chunks of 131072 at 0, stride 131072
2026-01-21 14:29:31,111 - INFO - Starting direct file download in chunks of 131072 at 0, stride 131072
2026-01-21 14:29:31,328 - INFO - Starting direct file download in chunks of 131072 at 0, stride 131072
2026-01-21 14:29:31,911 - INFO - Starting direct file download in chunks of 131072 at 0, stride 131072
2026-01-21 14:29:31,961 - INFO - Starting direct file download in chunks of 131072 at 0, stride 131072
2026-01-21 14:29:32,051 - INFO - Starting direct file download in chunks of 131072 at 0, stride 131072
2026-01-21 14:29:33,110 - INFO - Starting direct file download in chunks of 131072 at 0, stride 131072
2026-01-21 14:29:33,160 - INFO - Starting direct file download in chunks of 131072 at 0, stride 131072
2026-01-21 14:29:33,393 - INFO - Starting direct file download in chunks of 131072 at 0, stride 131072
2026-01-21 14:29:33,676 - INFO - Starting direct file download in chunks of 131072 at 0, stride 131072
2026-01-21 14:29:33,776 - INFO - Starting direct file download in chunks of 131072 at 0, stride 131072
2026-01-21 14:29:34,242 - INFO - Starting direct file download in chunks of 131072 at 0, stride 131072
2026-01-21 14:29:34,459 - INFO - Starting direct file download in chunks of 131072 at 0, stride 131072
2026-01-21 14:29:34,692 - INFO - Starting direct file download in chunks of 131072 at 0, stride 131072
2026-01-21 14:29:34,775 - INFO - Starting direct file download in chunks of 131072 at 0, stride 131072
2026-01-21 14:29:35,183 - INFO - Starting direct file download in chunks of 131072 at 0, stride 131072
2026-01-21 14:29:35,208 - INFO - Starting direct file download in chunks of 131072 at 0, stride 131072
2026-01-21 14:29:35,358 - INFO - Starting direct file download in chunks of 131072 at 0, stride 131072
2026-01-21 14:29:35,501 - INFO - Starting direct file download in chunks of 131072 at 0, stride 131072
2026-01-21 14:29:35,658 - INFO - Starting direct file download in chunks of 131072 at 0, stride 131072
2026-01-21 14:29:35,841 - INFO - Starting direct file download in chunks of 131072 at 0, stride 131072
2026-01-21 14:29:36,507 - INFO - Starting direct file download in chunks of 131072 at 0, stride 131072
2026-01-21 14:29:36,625 - INFO - Starting direct file download in chunks of 131072 at 0, stride 131072
2026-01-21 14:29:36,807 - INFO - Starting direct file download in chunks of 131072 at 0, stride 131072
2026-01-21 14:29:37,008 - INFO - Starting direct file download in chunks of 131072 at 0, stride 131072
2026-01-21 14:29:37,690 - INFO - Starting direct file download in chunks of 131072 at 0, stride 131072
2026-01-21 14:29:37,984 - INFO - Starting direct file download in chunks of 131072 at 0, stride 131072
2026-01-21 14:29:38,440 - INFO - Starting direct file download in chunks of 131072 at 0, stride 131072
2026-01-21 14:29:38,571 - INFO - Starting direct file download in chunks of 131072 at 0, stride 131072
2026-01-21 14:29:38,983 - INFO - Starting direct file download in chunks of 131072 at 0, stride 131072
2026-01-21 14:29:39,089 - INFO - Starting direct file download in chunks of 131072 at 0, stride 131072
2026-01-21 14:29:39,571 - INFO - Starting direct file download in chunks of 131072 at 0, stride 131072
2026-01-21 14:29:39,723 - INFO - Starting direct file download in chunks of 131072 at 0, stride 131072
2026-01-21 14:29:39,794 - INFO - Starting direct file download in chunks of 131072 at 0, stride 131072
2026-01-21 14:29:40,305 - INFO - Starting direct file download in chunks of 131072 at 0, stride 131072
2026-01-21 14:29:40,472 - INFO - Starting direct file download in chunks of 131072 at 0, stride 131072
2026-01-21 14:29:40,638 - INFO - Starting direct file download in chunks of 131072 at 0, stride 131072
2026-01-21 14:29:40,788 - INFO - Starting direct file download in chunks of 131072 at 0, stride 131072
2026-01-21 14:29:41,221 - INFO - Starting direct file download in chunks of 131072 at 0, stride 131072
2026-01-21 14:29:41,554 - INFO - Starting direct file download in chunks of 131072 at 0, stride 131072
2026-01-21 14:29:41,651 - INFO - Starting direct file download in chunks of 131072 at 0, stride 131072
2026-01-21 14:29:41,877 - INFO - Starting direct file download in chunks of 131072 at 0, stride 131072
2026-01-21 14:29:42,237 - INFO - Starting direct file download in chunks of 131072 at 0, stride 131072
2026-01-21 14:29:42,353 - INFO - Starting direct file download in chunks of 131072 at 0, stride 131072
2026-01-21 14:29:42,573 - INFO - Starting direct file download in chunks of 131072 at 0, stride 131072
2026-01-21 14:29:42,671 - INFO - Starting direct file download in chunks of 131072 at 0, stride 131072
2026-01-21 14:29:43,457 - INFO - Starting direct file download in chunks of 131072 at 0, stride 131072
2026-01-21 14:29:43,521 - INFO - Starting direct file download in chunks of 131072 at 0, stride 131072
2026-01-21 14:29:43,592 - INFO - Starting direct file download in chunks of 131072 at 0, stride 131072
2026-01-21 14:29:43,968 - INFO - Starting direct file download in chunks of 131072 at 0, stride 131072
2026-01-21 14:29:44,002 - INFO - Starting direct file download in chunks of 131072 at 0, stride 131072
2026-01-21 14:29:44,686 - INFO - Starting direct file download in chunks of 131072 at 0, stride 131072
2026-01-21 14:29:44,886 - INFO - Starting direct file download in chunks of 131072 at 0, stride 131072
2026-01-21 14:29:45,085 - INFO - Starting direct file download in chunks of 131072 at 0, stride 131072
2026-01-21 14:29:45,485 - INFO - Starting direct file download in chunks of 131072 at 0, stride 131072
2026-01-21 14:29:45,485 - INFO - Starting direct file download in chunks of 131072 at 0, stride 131072
2026-01-21 14:29:45,519 - INFO - Starting direct file download in chunks of 131072 at 0, stride 131072
2026-01-21 14:29:46,001 - INFO - Starting direct file download in chunks of 131072 at 0, stride 131072
2026-01-21 14:29:46,135 - INFO - Starting direct file download in chunks of 131072 at 0, stride 131072
2026-01-21 14:29:46,317 - INFO - Starting direct file download in chunks of 131072 at 0, stride 131072
2026-01-21 14:29:46,485 - INFO - Starting direct file download in chunks of 131072 at 0, stride 131072
2026-01-21 14:29:46,585 - INFO - Starting direct file download in chunks of 131072 at 0, stride 131072
2026-01-21 14:29:46,820 - INFO - Starting direct file download in chunks of 131072 at 0, stride 131072
2026-01-21 14:29:47,017 - INFO - Starting direct file download in chunks of 131072 at 0, stride 131072
2026-01-21 14:29:47,092 - INFO - Starting direct file download in chunks of 131072 at 0, stride 131072
2026-01-21 14:29:47,250 - INFO - Starting direct file download in chunks of 131072 at 0, stride 131072
2026-01-21 14:29:47,648 - INFO - Starting direct file download in chunks of 131072 at 0, stride 131072
2026-01-21 14:29:48,267 - INFO - Starting direct file download in chunks of 131072 at 0, stride 131072
2026-01-21 14:29:48,467 - INFO - Starting direct file download in chunks of 131072 at 0, stride 131072
2026-01-21 14:29:48,599 - INFO - Starting direct file download in chunks of 131072 at 0, stride 131072
2026-01-21 14:29:48,700 - INFO - Starting direct file download in chunks of 131072 at 0, stride 131072
2026-01-21 14:29:48,902 - INFO - Starting direct file download in chunks of 131072 at 0, stride 131072
2026-01-21 14:29:49,240 - INFO - Starting direct file download in chunks of 131072 at 0, stride 131072
2026-01-21 14:29:49,333 - INFO - Starting direct file download in chunks of 131072 at 0, stride 131072
2026-01-21 14:29:49,416 - INFO - Starting direct file download in chunks of 131072 at 0, stride 131072
2026-01-21 14:29:49,765 - INFO - Starting direct file download in chunks of 131072 at 0, stride 131072
2026-01-21 14:29:49,924 - INFO - Starting direct file download in chunks of 131072 at 0, stride 131072
2026-01-21 14:29:50,065 - INFO - Starting direct file download in chunks of 131072 at 0, stride 131072
2026-01-21 14:29:50,282 - INFO - Starting direct file download in chunks of 131072 at 0, stride 131072
2026-01-21 14:29:50,366 - INFO - Starting direct file download in chunks of 131072 at 0, stride 131072
2026-01-21 14:29:50,531 - INFO - Starting direct file download in chunks of 131072 at 0, stride 131072
2026-01-21 14:29:50,998 - INFO - Starting direct file download in chunks of 131072 at 0, stride 131072
2026-01-21 14:29:51,132 - INFO - Starting direct file download in chunks of 131072 at 0, stride 131072
2026-01-21 14:29:51,340 - INFO - Starting direct file download in chunks of 131072 at 0, stride 131072
2026-01-21 14:29:51,696 - INFO - Starting direct file download in chunks of 131072 at 0, stride 131072
2026-01-21 14:29:51,831 - INFO - Starting direct file download in chunks of 131072 at 0, stride 131072
2026-01-21 14:29:51,848 - INFO - Starting direct file download in chunks of 131072 at 0, stride 131072
2026-01-21 14:29:51,964 - INFO - Starting direct file download in chunks of 131072 at 0, stride 131072
2026-01-21 14:29:52,563 - INFO - Starting direct file download in chunks of 131072 at 0, stride 131072
2026-01-21 14:29:52,731 - INFO - Starting direct file download in chunks of 131072 at 0, stride 131072
2026-01-21 14:29:53,114 - INFO - Starting direct file download in chunks of 131072 at 0, stride 131072
2026-01-21 14:29:53,280 - INFO - Starting direct file download in chunks of 131072 at 0, stride 131072
2026-01-21 14:29:53,430 - INFO - Starting direct file download in chunks of 131072 at 0, stride 131072
2026-01-21 14:29:53,630 - INFO - Starting direct file download in chunks of 131072 at 0, stride 131072
2026-01-21 14:29:53,730 - INFO - Starting direct file download in chunks of 131072 at 0, stride 131072
2026-01-21 14:29:53,914 - INFO - Starting direct file download in chunks of 131072 at 0, stride 131072
2026-01-21 14:29:53,995 - INFO - Starting direct file download in chunks of 131072 at 0, stride 131072
2026-01-21 14:29:54,529 - INFO - Starting direct file download in chunks of 131072 at 0, stride 131072
2026-01-21 14:29:54,679 - INFO - Starting direct file download in chunks of 131072 at 0, stride 131072
2026-01-21 14:29:54,729 - INFO - Starting direct file download in chunks of 131072 at 0, stride 131072
2026-01-21 14:29:54,963 - INFO - Starting direct file download in chunks of 131072 at 0, stride 131072
2026-01-21 14:29:55,091 - INFO - Starting direct file download in chunks of 131072 at 0, stride 131072
2026-01-21 14:29:55,445 - INFO - Starting direct file download in chunks of 131072 at 0, stride 131072
2026-01-21 14:29:55,612 - INFO - Starting direct file download in chunks of 131072 at 0, stride 131072
2026-01-21 14:29:55,629 - INFO - Starting direct file download in chunks of 131072 at 0, stride 131072
2026-01-21 14:29:55,781 - INFO - Starting direct file download in chunks of 131072 at 0, stride 131072
2026-01-21 14:29:56,182 - INFO - Starting direct file download in chunks of 131072 at 0, stride 131072
2026-01-21 14:29:56,220 - INFO - Starting direct file download in chunks of 131072 at 0, stride 131072
2026-01-21 14:29:56,528 - INFO - Starting direct file download in chunks of 131072 at 0, stride 131072
2026-01-21 14:29:56,728 - INFO - Starting direct file download in chunks of 131072 at 0, stride 131072
2026-01-21 14:29:56,929 - INFO - Starting direct file download in chunks of 131072 at 0, stride 131072
2026-01-21 14:29:57,044 - INFO - Successfully saved 100 messages for @tikvahpharma
2026-01-21 14:29:57,294 - INFO - Starting direct file download in chunks of 131072 at 0, stride 131072
2026-01-21 14:29:57,431 - INFO - Starting direct file download in chunks of 131072 at 0, stride 131072
2026-01-21 14:29:57,711 - INFO - Starting direct file download in chunks of 131072 at 0, stride 131072
2026-01-21 14:29:58,211 - INFO - Starting direct file download in chunks of 131072 at 0, stride 131072
2026-01-21 14:29:58,271 - INFO - Starting direct file download in chunks of 131072 at 0, stride 131072
2026-01-21 14:29:58,617 - INFO - Starting direct file download in chunks of 131072 at 0, stride 131072
2026-01-21 14:29:58,765 - INFO - Starting direct file download in chunks of 131072 at 0, stride 131072
2026-01-21 14:29:58,910 - INFO - Starting direct file download in chunks of 131072 at 0, stride 131072
2026-01-21 14:29:59,259 - INFO - Starting direct file download in chunks of 131072 at 0, stride 131072
2026-01-21 14:29:59,360 - INFO - Starting direct file download in chunks of 131072 at 0, stride 131072
2026-01-21 14:29:59,493 - INFO - Starting direct file download in chunks of 131072 at 0, stride 131072
2026-01-21 14:29:59,659 - INFO - Starting direct file download in chunks of 131072 at 0, stride 131072
2026-01-21 14:29:59,859 - INFO - Starting direct file download in chunks of 131072 at 0, stride 131072
2026-01-21 14:30:00,026 - INFO - Starting direct file download in chunks of 131072 at 0, stride 131072
2026-01-21 14:30:00,193 - INFO - Starting direct file download in chunks of 131072 at 0, stride 131072
2026-01-21 14:30:00,326 - INFO - Starting direct file download in chunks of 131072 at 0, stride 131072
2026-01-21 14:30:00,477 - INFO - Starting direct file download in chunks of 131072 at 0, stride 131072
2026-01-21 14:30:00,642 - INFO - Starting direct file download in chunks of 131072 at 0, stride 131072
2026-01-21 14:30:00,698 - INFO - Starting direct file download in chunks of 131072 at 0, stride 131072
2026-01-21 14:30:01,225 - INFO - Starting direct file download in chunks of 131072 at 0, stride 131072
2026-01-21 14:30:01,442 - INFO - Starting direct file download in chunks of 131072 at 0, stride 131072
2026-01-21 14:30:01,592 - INFO - Starting direct file download in chunks of 131072 at 0, stride 131072
2026-01-21 14:30:01,934 - INFO - Starting direct file download in chunks of 131072 at 0, stride 131072
2026-01-21 14:30:02,091 - INFO - Starting direct file download in chunks of 131072 at 0, stride 131072
2026-01-21 14:30:02,175 - INFO - Starting direct file download in chunks of 131072 at 0, stride 131072
2026-01-21 14:30:02,421 - INFO - Starting direct file download in chunks of 131072 at 0, stride 131072
2026-01-21 14:30:02,574 - INFO - Starting direct file download in chunks of 131072 at 0, stride 131072
2026-01-21 14:30:02,793 - INFO - Starting direct file download in chunks of 131072 at 0, stride 131072
2026-01-21 14:30:02,974 - INFO - Starting direct file download in chunks of 131072 at 0, stride 131072
2026-01-21 14:30:03,224 - INFO - Starting direct file download in chunks of 131072 at 0, stride 131072
2026-01-21 14:30:03,474 - INFO - Starting direct file download in chunks of 131072 at 0, stride 131072
2026-01-21 14:30:03,774 - INFO - Starting direct file download in chunks of 131072 at 0, stride 131072
2026-01-21 14:30:04,209 - INFO - Starting direct file download in chunks of 131072 at 0, stride 131072
2026-01-21 14:30:04,223 - INFO - Starting direct file download in chunks of 131072 at 0, stride 131072
2026-01-21 14:30:04,506 - INFO - Starting direct file download in chunks of 131072 at 0, stride 131072
2026-01-21 14:30:04,891 - INFO - Starting direct file download in chunks of 131072 at 0, stride 131072
2026-01-21 14:30:05,173 - INFO - Starting direct file download in chunks of 131072 at 0, stride 131072
2026-01-21 14:30:05,340 - INFO - Starting direct file download in chunks of 131072 at 0, stride 131072
2026-01-21 14:30:05,789 - INFO - Starting direct file download in chunks of 131072 at 0, stride 131072
2026-01-21 14:30:05,806 - INFO - Starting direct file download in chunks of 131072 at 0, stride 131072
2026-01-21 14:30:05,976 - INFO - Starting direct file download in chunks of 131072 at 0, stride 131072
2026-01-21 14:30:06,389 - INFO - Starting direct file download in chunks of 131072 at 0, stride 131072
2026-01-21 14:30:06,405 - INFO - Starting direct file download in chunks of 131072 at 0, stride 131072
2026-01-21 14:30:06,838 - INFO - Starting direct file download in chunks of 131072 at 0, stride 131072
2026-01-21 14:30:06,871 - INFO - Starting direct file download in chunks of 131072 at 0, stride 131072
2026-01-21 14:30:07,002 - INFO - Starting direct file download in chunks of 131072 at 0, stride 131072
2026-01-21 14:30:07,279 - INFO - Starting direct file download in chunks of 131072 at 0, stride 131072
2026-01-21 14:30:07,489 - INFO - Starting direct file download in chunks of 131072 at 0, stride 131072
2026-01-21 14:30:07,580 - INFO - Successfully saved 76 messages for @CheMed123
2026-01-21 14:30:08,025 - INFO - Starting direct file download in chunks of 131072 at 0, stride 131072
2026-01-21 14:30:08,222 - INFO - Starting direct file download in chunks of 131072 at 0, stride 131072
2026-01-21 14:30:08,609 - INFO - Successfully saved 100 messages for @lobelia4cosmetics
2026-01-21 14:30:08,612 - INFO - Disconnecting from 149.154.167.92:443/TcpFull...
2026-01-21 14:30:08,612 - INFO - Disconnection from 149.154.167.92:443/TcpFull complete!
